[mem] 00000000 R l 000000 00001400 000004 ZERO
[exec] findTask
[exec] openlibrary dos.library,802000
[dos] lock aliens,fffffffe => ffffffe8
[dos] examine(ffffffe8)
[dos] exnext ffffffe8,16a10 => 1
[dos] open aliens\aliens1 => ffffffe4
[exec] allocMem bf36
[dos] close ffffffe4 => 0
[dos] exnext ffffffe8,16a10 => 1
[dos] open aliens\aliens10 => ffffffe0
[exec] allocMem 64a
[dos] close ffffffe0 => 0
[dos] exnext ffffffe8,16a10 => 1
[dos] open aliens\aliens11 => ffffffdc
[exec] allocMem 14b4
[dos] close ffffffdc => 0
[dos] exnext ffffffe8,16a10 => 1
[dos] open aliens\aliens12 => ffffffd8
[exec] allocMem 2ca
[dos] close ffffffd8 => 0
[dos] exnext ffffffe8,16a10 => 1
[dos] open aliens\aliens13 => ffffffd4
[exec] allocMem 5ae
[dos] close ffffffd4 => 0
[dos] exnext ffffffe8,16a10 => 1
[dos] open aliens\aliens14 => ffffffd0
[exec] allocMem 432
[dos] close ffffffd0 => 0
[dos] exnext ffffffe8,16a10 => 1
[dos] open aliens\aliens2 => ffffffcc
[exec] allocMem 16e6
[dos] close ffffffcc => 0
[dos] exnext ffffffe8,16a10 => 1
[dos] open aliens\aliens3 => ffffffc8
[exec] allocMem 5aa
[dos] close ffffffc8 => 0
[dos] exnext ffffffe8,16a10 => 1
[dos] open aliens\aliens4 => ffffffc4
[exec] allocMem 12ec
[dos] close ffffffc4 => 0
[dos] exnext ffffffe8,16a10 => 1
[dos] open aliens\aliens5 => ffffffc0
[exec] allocMem 17d8
[dos] close ffffffc0 => 0
[dos] exnext ffffffe8,16a10 => 1
[dos] open aliens\aliens6 => ffffffbc
[exec] allocMem 69c
[dos] close ffffffbc => 0
[dos] exnext ffffffe8,16a10 => 1
[dos] open aliens\aliens7 => ffffffb8
[exec] allocMem 131e
[dos] close ffffffb8 => 0
[dos] exnext ffffffe8,16a10 => 1
[dos] open aliens\aliens8 => ffffffb4
[exec] allocMem 40a
[dos] close ffffffb4 => 0
[dos] exnext ffffffe8,16a10 => 1
[dos] open aliens\aliens9 => ffffffb0
[exec] allocMem 62e
[dos] close ffffffb0 => 0
[dos] exnext ffffffe8,16a10 => 0
[dos] unlock ffffffe8
[exec] openlibrary dos.library,802000
[dos] open oblivion.heroes => 0
[exec] allocMem 9a00
[exec] allocMem 11880
[exec] allocMem 38
[exec] allocMem 2580
[exec] allocMem 6000
[exec] allocMem 1380
[exec] openlibrary intuition.library,803000
[exec] openlibrary dos.library,802000
[dos] delay 1
[mem] 0000582c W w dff180 0063 COLOR0
[dos] delay 1
[mem] 0000582c W w dff180 0062 COLOR0
[dos] delay 1
[mem] 0000582c W w dff180 0061 COLOR0
[dos] delay 1
[mem] 0000582c W w dff180 0060 COLOR0
[dos] delay 1
[mem] 0000582c W w dff180 005f COLOR0
[dos] delay 1
[mem] 00005c2c W w dff180 005e COLOR0
[dos] delay 1
[mem] 00005c2c W w dff180 005d COLOR0
[dos] delay 1
[mem] 00005c2c W w dff180 005c COLOR0
[dos] delay 1
[mem] 00005c2c W w dff180 005b COLOR0
[dos] delay 1
[mem] 00005c2c W w dff180 005a COLOR0
[dos] delay 1
[mem] 00005c2c W w dff180 0059 COLOR0
[dos] delay 1
[mem] 00005c2c W w dff180 0058 COLOR0
[dos] delay 1
[mem] 00005c2c W w dff180 0057 COLOR0
[dos] delay 1
[mem] 00005c2c W w dff180 0056 COLOR0
[dos] delay 1
[mem] 00006032 W w dff180 0055 COLOR0
[dos] delay 1
[mem] 00006032 W w dff180 0054 COLOR0
[dos] delay 1
[mem] 00006032 W w dff180 0053 COLOR0
[dos] delay 1
[mem] 00006032 W w dff180 0052 COLOR0
[dos] delay 1
[mem] 00006032 W w dff180 0051 COLOR0
[dos] delay 1
[mem] 00006032 W w dff180 0050 COLOR0
[dos] delay 1
[mem] 00006032 W w dff180 004f COLOR0
[dos] delay 1
[mem] 00006032 W w dff180 004e COLOR0
[dos] delay 1
[mem] 00006032 W w dff180 004d COLOR0
[dos] delay 1
[mem] 0000643c W w dff180 004c COLOR0
[dos] delay 1
[mem] 0000643c W w dff180 004b COLOR0
[dos] delay 1
[mem] 0000643c W w dff180 004a COLOR0
[dos] delay 1
[mem] 0000643c W w dff180 0049 COLOR0
[dos] delay 1
[mem] 0000643c W w dff180 0048 COLOR0
[dos] delay 1
[mem] 0000643c W w dff180 0047 COLOR0
[dos] delay 1
[mem] 0000643c W w dff180 0046 COLOR0
[dos] delay 1
[mem] 0000643c W w dff180 0045 COLOR0
[dos] delay 1
[mem] 0000643c W w dff180 0044 COLOR0
[dos] delay 1
[mem] 0000643c W w dff180 0043 COLOR0
[dos] delay 1
[mem] 0000684c W w dff180 0042 COLOR0
[dos] delay 1
[mem] 0000684c W w dff180 0041 COLOR0
[dos] delay 1
[mem] 0000684c W w dff180 0040 COLOR0
[dos] delay 1
[mem] 0000684c W w dff180 003f COLOR0
[dos] delay 1
[mem] 0000684c W w dff180 003e COLOR0
[dos] delay 1
[mem] 0000684c W w dff180 003d COLOR0
[dos] delay 1
[mem] 0000684c W w dff180 003c COLOR0
[dos] delay 1
[mem] 0000684c W w dff180 003b COLOR0
[dos] delay 1
[mem] 0000684c W w dff180 003a COLOR0
[dos] delay 1
[mem] 00006c56 W w dff180 0039 COLOR0
[dos] delay 1
[mem] 00006c56 W w dff180 0038 COLOR0
[dos] delay 1
[mem] 00006c56 W w dff180 0037 COLOR0
[dos] delay 1
[mem] 00006c56 W w dff180 0036 COLOR0
[dos] delay 1
[mem] 00006c56 W w dff180 0035 COLOR0
[dos] delay 1
[mem] 00006c56 W w dff180 0034 COLOR0
[dos] delay 1
[mem] 00006c56 W w dff180 0033 COLOR0
[dos] delay 1
[mem] 00006c56 W w dff180 0032 COLOR0
[dos] delay 1
[mem] 00006c56 W w dff180 0031 COLOR0
[dos] delay 1
[mem] 00006c56 W w dff180 0030 COLOR0
[dos] delay 1
[mem] 0000705e W w dff180 002f COLOR0
[dos] delay 1
[mem] 0000705e W w dff180 002e COLOR0
[dos] delay 1
[mem] 0000705e W w dff180 002d COLOR0
[dos] delay 1
[mem] 0000705e W w dff180 002c COLOR0
[dos] delay 1
[mem] 0000705e W w dff180 002b COLOR0
[dos] delay 1
[mem] 0000705e W w dff180 002a COLOR0
[dos] delay 1
[mem] 0000705e W w dff180 0029 COLOR0
[dos] delay 1
[mem] 0000705e W w dff180 0028 COLOR0
[dos] delay 1
[mem] 0000705e W w dff180 0027 COLOR0
[dos] delay 1
[mem] 00007464 W w dff180 0026 COLOR0
[dos] delay 1
[mem] 00007464 W w dff180 0025 COLOR0
[dos] delay 1
[mem] 00007464 W w dff180 0024 COLOR0
[dos] delay 1
[mem] 00007464 W w dff180 0023 COLOR0
[dos] delay 1
[mem] 00007464 W w dff180 0022 COLOR0
[dos] delay 1
[mem] 00007464 W w dff180 0021 COLOR0
[dos] delay 1
[mem] 00007464 W w dff180 0020 COLOR0
[dos] delay 1
[mem] 00007464 W w dff180 001f COLOR0
[dos] delay 1
[mem] 00007464 W w dff180 001e COLOR0
[dos] delay 1
[mem] 0000786e W w dff180 001d COLOR0
[dos] delay 1
[mem] 0000786e W w dff180 001c COLOR0
[dos] delay 1
[mem] 0000786e W w dff180 001b COLOR0
[dos] delay 1
[mem] 0000786e W w dff180 001a COLOR0
[dos] delay 1
[mem] 0000786e W w dff180 0019 COLOR0
[dos] delay 1
[mem] 0000786e W w dff180 0018 COLOR0
[dos] delay 1
[mem] 0000786e W w dff180 0017 COLOR0
[dos] delay 1
[mem] 0000786e W w dff180 0016 COLOR0
[dos] delay 1
[mem] 0000786e W w dff180 0015 COLOR0
[dos] delay 1
[mem] 0000786e W w dff180 0014 COLOR0
[dos] delay 1
[mem] 00007c7e W w dff180 0013 COLOR0
[dos] delay 1
[mem] 00007c7e W w dff180 0012 COLOR0
[dos] delay 1
[mem] 00007c7e W w dff180 0011 COLOR0
[dos] delay 1
[mem] 00007c7e W w dff180 0010 COLOR0
[dos] delay 1
[mem] 00007c7e W w dff180 000f COLOR0
[dos] delay 1
[mem] 00007c7e W w dff180 000e COLOR0
[dos] delay 1
[mem] 00007c7e W w dff180 000d COLOR0
[dos] delay 1
[mem] 00007c7e W w dff180 000c COLOR0
[dos] delay 1
[mem] 00007c7e W w dff180 000b COLOR0
[dos] delay 1
[mem] 00008088 W w dff180 000a COLOR0
[dos] delay 1
[mem] 00008088 W w dff180 0009 COLOR0
[dos] delay 1
[mem] 00008088 W w dff180 0008 COLOR0
[dos] delay 1
[mem] 00008088 W w dff180 0007 COLOR0
[dos] delay 1
[mem] 00008088 W w dff180 0006 COLOR0
[dos] delay 1
[mem] 00008088 W w dff180 0005 COLOR0
[dos] delay 1
[mem] 00008088 W w dff180 0004 COLOR0
[dos] delay 1
[mem] 00008088 W w dff180 0003 COLOR0
[dos] delay 1
[mem] 00008088 W w dff180 0002 COLOR0
[dos] delay 1
[mem] 00008088 W w dff180 0001 COLOR0
[dos] delay 1
[mem] 00008490 W w dff180 0000 COLOR0
[mem] 00008490 R w dff01c 0000 INTENA
[mem] 00008490 W w dff09a 3fff INTENAR
[mem] 00008490 W w dff096 0400 DMACON
[mem] 00008490 W b bfed01 7f 006322 ICR-A
[mem] 00008490 W b bfdd00 7f 00632a ICR-B
[mem] 00008490 W b bfed01 89 006332 ICR-A
[mem] 00008490 W b bfee01 08 00633a CRA-A
[mem] 00008490 W b bfe401 40 006342 TALO-A
[mem] 00008490 W b bfe501 00 00634a TAHI-A
[mem] 00008490 W w dff09c 3fff INTREQR
[mem] 00008490 W w dff09a c008 INTENAR
[mem] 00008490 W w dff042 0000 BLTCON1
[mem] 00008490 W w dff096 000f DMACON
[mem] 00008490 W w dff0d8 0000 AUD3VOL
[mem] 00008490 W w dff0d6 027f AUD3PER
[mem] 00008490 W w dff0d4 03a2 AUD3LEN
[mem] 00008490 W l dff0d0 00023ec0 AUD3HI
[mem] 00008490 W w dff096 8068 DMACON
[mem] 0017d9c2 W w dff098 1041 CLXCON
[mem] 0017d9c2 W w dff09a 0020 INTENAR
[mem] 0017d9c2 W w dff09c 0020 INTREQR
[mem] 0017d9c2 R b dff01f 00 INTREQ1
[mem] 0017d9c2 R b dff01f 00 INTREQ1
