[mem] 00000000 R l 000000 00001400 000004 ZERO
[read32] 801114
[read32] 80c0ac
[exec] allocMem 1dbc
[exec] setSignal 0,3000 <= 0 ;  , #CTRL_C#CTRL_D#SIGH_12288 <= 
[exec] openlibrary dos.library,802000
[read32] 802022
[read32] 801114
[read32] 80c098
[exec] setTaskPri
[exec] setTaskPri
[exec] findTask <= 80e000
[read32] 80e0b8
[write16] 80e0b8
[write16] 80e0ba
[dos] getvar LHAOPTS => ffffffff
[dos] input
[dos] isInteractive
[exec] findTask <= 80e000
[read32] 80e0b8
[write16] 80e0b8
[write16] 80e0ba
[dos] lock t:,fffffffe => 0
[write16] 80e0b8
[write16] 80e0ba
[exec] fmt LhA V%ld.%02ldr - Copyright (c) 1991,92 Stefan Boberg. Not for commercial use._ => LhA V1.35r - Copyright (c) 1991,92 Stefan Boberg. Not for commercial use._
[dos] output
[write] LhA V1.35r - Copyright (c) 1991,92 Stefan Boberg. Not for commercial use._
[exec] setSignal 0,0 <= 0 ;  ,  <= 
[exec] fmt Registered to %s => Registered to 
[dos] output
[write] Registered to 
[exec] setSignal 0,0 <= 0 ;  ,  <= 
[exec] fmt _ => _
[dos] output
[write] _
[exec] setSignal 0,0 <= 0 ;  ,  <= 
[exec] allocMem 110
[dos] lock skid.lha,fffffffe => ffffffe4
[dos] examine(ffffffe4)
[dos] unlock ffffffe4
[exec] setSignal 0,0 <= 0 ;  ,  <= 
[exec] allocMem 2c
[exec] allocMem d
[exec] freemem
[exec] fmt %s files %s =>  files 
[exec] fmt %s archive '%s':_ =>  archive '':_
[dos] output
[write]  archive '':_
[exec] setSignal 0,0 <= 0 ;  ,  <= 
[exec] allocMem 30
[exec] findTask <= 80e000
[read32] 80e0a4
[read32] 80e0a4
[exec] findTask <= 80e000
[exec] allocMem 50
[exec] putMsg
[exec] waitPort
[exec] getMsg
[exec] freemem
[exec] freemem
[exec] fmt Original  Packed Ratio    Date     Time    Name_-------- ------- ----- --------- --------  -------------_ => Original  Packed Ratio    Date     Time    Name_-------- ------- ----- --------- --------  -------------_
[dos] output
[write] Original  Packed Ratio    Date     Time    Name_-------- ------- ----- --------- --------  -------------_
[exec] setSignal 0,0 <= 0 ;  ,  <= 
[exec] allocMem 3e
[exec] allocMem 1f4
[dos] open skid.lha => ffffffe0
[exec] allocMem 15
[exec] setSignal 0,0 <= 0 ;  ,  <= 
[dos] seek 0,ffffffff => 0
[dos] read ffffffe0 , 62344 , 1e8 => 1e8
[exec] setSignal 0,0 <= 0 ;  ,  <= 
[exec] setSignal 0,0 <= 0 ;  ,  <= 
[exec] copyMem 14
[exec] setSignal 0,0 <= 0 ;  ,  <= 
[exec] copyMem d
[exec] allocMem 17
[exec] allocMem 12
[exec] allocMem 11
[exec] freemem
[exec] fmt %8ld %7ld %2ld.%1ld%% %02ld-%3s-%02ld %02ld:%02ld:%02ld %s_ => 21 21 0.0% 3--48 93:10:54 _
[dos] output
[write] 21 21 0.0% 3--48 93:10:54 _
[exec] setSignal 0,0 <= 0 ;  ,  <= 
[exec] setSignal 0,0 <= 0 ;  ,  <= 
[exec] setSignal 0,0 <= 0 ;  ,  <= 
[exec] setSignal 0,0 <= 0 ;  ,  <= 
[exec] copyMem 14
[exec] freemem
[exec] freemem
[exec] setSignal 0,0 <= 0 ;  ,  <= 
[exec] copyMem 18
[exec] allocMem 22
[exec] allocMem 19
[exec] allocMem 15
[exec] freemem
[exec] fmt %8ld %7ld %2ld.%1ld%% %02ld-%3s-%02ld %02ld:%02ld:%02ld %s_ => -24 -114 38.7% 3--48 93:18:58 _
[dos] output
[write] -24 -114 38.7% 3--48 93:18:58 _
[exec] setSignal 0,0 <= 0 ;  ,  <= 
[exec] setSignal 0,0 <= 0 ;  ,  <= 
[exec] setSignal 0,0 <= 0 ;  ,  <= 
[exec] setSignal 0,0 <= 0 ;  ,  <= 
[exec] copyMem 14
[exec] freemem
[exec] freemem
[exec] setSignal 0,0 <= 0 ;  ,  <= 
[exec] copyMem 16
[exec] allocMem 20
[exec] allocMem 17
[exec] allocMem 15
[exec] freemem
[exec] fmt %8ld %7ld %2ld.%1ld%% %02ld-%3s-%02ld %02ld:%02ld:%02ld %s_ => 34 87 8.1% 3--48 93:18:58 _
[dos] output
[write] 34 87 8.1% 3--48 93:18:58 _
[exec] setSignal 0,0 <= 0 ;  ,  <= 
[exec] setSignal 0,0 <= 0 ;  ,  <= 
[exec] setSignal 0,0 <= 0 ;  ,  <= 
[exec] setSignal 0,0 <= 0 ;  ,  <= 
[dos] seek 2074,ffffffff => 1e8
[dos] read ffffffe0 , 62344 , 1e8 => 1e8
[exec] setSignal 0,0 <= 0 ;  ,  <= 
[exec] setSignal 0,0 <= 0 ;  ,  <= 
[exec] copyMem 14
[exec] freemem
[exec] freemem
[exec] setSignal 0,0 <= 0 ;  ,  <= 
[exec] copyMem 14
[exec] allocMem 1e
[exec] allocMem 15
[exec] allocMem 15
[exec] freemem
[exec] fmt %8ld %7ld %2ld.%1ld%% %02ld-%3s-%02ld %02ld:%02ld:%02ld %s_ => 116 -50 54.9% 3--48 93:18:58 _
[dos] output
[write] 116 -50 54.9% 3--48 93:18:58 _
[exec] setSignal 0,0 <= 0 ;  ,  <= 
[exec] setSignal 0,0 <= 0 ;  ,  <= 
[exec] setSignal 0,0 <= 0 ;  ,  <= 
[exec] setSignal 0,0 <= 0 ;  ,  <= 
[dos] seek 246b,ffffffff => 225c
[dos] read ffffffe0 , 62344 , 1e8 => 1e8
[exec] setSignal 0,0 <= 0 ;  ,  <= 
[exec] setSignal 0,0 <= 0 ;  ,  <= 
[exec] copyMem 14
[exec] freemem
[exec] freemem
[exec] setSignal 0,0 <= 0 ;  ,  <= 
[exec] copyMem 16
[exec] allocMem 20
[exec] allocMem 17
[exec] allocMem 15
[exec] freemem
[exec] fmt %8ld %7ld %2ld.%1ld%% %02ld-%3s-%02ld %02ld:%02ld:%02ld %s_ => 2 -31 4.2% 3--48 93:18:58 _
[dos] output
[write] 2 -31 4.2% 3--48 93:18:58 _
[exec] setSignal 0,0 <= 0 ;  ,  <= 
[exec] setSignal 0,0 <= 0 ;  ,  <= 
[exec] setSignal 0,0 <= 0 ;  ,  <= 
[exec] setSignal 0,0 <= 0 ;  ,  <= 
[dos] seek 2777,ffffffff => 2653
[dos] read ffffffe0 , 62344 , 1e8 => 1e8
[exec] setSignal 0,0 <= 0 ;  ,  <= 
[exec] setSignal 0,0 <= 0 ;  ,  <= 
[exec] copyMem 14
[exec] freemem
[exec] freemem
[exec] setSignal 0,0 <= 0 ;  ,  <= 
[exec] copyMem 13
[exec] allocMem 1d
[exec] allocMem 14
[exec] allocMem 15
[exec] freemem
[exec] fmt %8ld %7ld %2ld.%1ld%% %02ld-%3s-%02ld %02ld:%02ld:%02ld %s_ => -94 -59 51.2% 3--48 93:18:58 _
[dos] output
[write] -94 -59 51.2% 3--48 93:18:58 _
[exec] setSignal 0,0 <= 0 ;  ,  <= 
[exec] setSignal 0,0 <= 0 ;  ,  <= 
[exec] setSignal 0,0 <= 0 ;  ,  <= 
[exec] setSignal 0,0 <= 0 ;  ,  <= 
[dos] seek 2964,ffffffff => 295f
[dos] read ffffffe0 , 62344 , 1e8 => 1e8
[exec] setSignal 0,0 <= 0 ;  ,  <= 
[exec] setSignal 0,0 <= 0 ;  ,  <= 
[exec] copyMem 14
[exec] freemem
[exec] freemem
[exec] setSignal 0,0 <= 0 ;  ,  <= 
[exec] copyMem 17
[exec] allocMem 21
[exec] allocMem 18
[exec] allocMem 15
[exec] freemem
[exec] fmt %8ld %7ld %2ld.%1ld%% %02ld-%3s-%02ld %02ld:%02ld:%02ld %s_ => 56 127 52.1% 3--48 93:18:58 _
[dos] output
[write] 56 127 52.1% 3--48 93:18:58 _
[exec] setSignal 0,0 <= 0 ;  ,  <= 
[exec] setSignal 0,0 <= 0 ;  ,  <= 
[exec] setSignal 0,0 <= 0 ;  ,  <= 
[exec] setSignal 0,0 <= 0 ;  ,  <= 
[dos] seek 2c0f,ffffffff => 2b4c
[dos] read ffffffe0 , 62344 , 1e8 => 1e8
[exec] setSignal 0,0 <= 0 ;  ,  <= 
[exec] setSignal 0,0 <= 0 ;  ,  <= 
[exec] copyMem 14
[exec] freemem
[exec] freemem
[exec] setSignal 0,0 <= 0 ;  ,  <= 
[exec] copyMem 14
[exec] allocMem 1e
[exec] allocMem 15
[exec] allocMem 15
[exec] freemem
[exec] fmt %8ld %7ld %2ld.%1ld%% %02ld-%3s-%02ld %02ld:%02ld:%02ld %s_ => -124 -114 64.1% 3--48 93:18:58 _
[dos] output
[write] -124 -114 64.1% 3--48 93:18:58 _
[exec] setSignal 0,0 <= 0 ;  ,  <= 
[exec] setSignal 0,0 <= 0 ;  ,  <= 
[exec] setSignal 0,0 <= 0 ;  ,  <= 
[exec] setSignal 0,0 <= 0 ;  ,  <= 
[dos] seek 31c6,ffffffff => 2df7
[dos] read ffffffe0 , 62344 , 1e8 => 1e8
[exec] setSignal 0,0 <= 0 ;  ,  <= 
[exec] setSignal 0,0 <= 0 ;  ,  <= 
[exec] copyMem 14
[exec] freemem
[exec] freemem
[exec] setSignal 0,0 <= 0 ;  ,  <= 
[exec] copyMem 19
[exec] allocMem 23
[exec] allocMem 1a
[exec] allocMem 15
[exec] freemem
[exec] fmt %8ld %7ld %2ld.%1ld%% %02ld-%3s-%02ld %02ld:%02ld:%02ld %s_ => -100 71 40.2% 3--48 93:18:58 _
[dos] output
[write] -100 71 40.2% 3--48 93:18:58 _
[exec] setSignal 0,0 <= 0 ;  ,  <= 
[exec] setSignal 0,0 <= 0 ;  ,  <= 
[exec] setSignal 0,0 <= 0 ;  ,  <= 
[exec] setSignal 0,0 <= 0 ;  ,  <= 
[dos] seek d73b,ffffffff => 33ae
[dos] read ffffffe0 , 62344 , 1e8 => 1e8
[exec] setSignal 0,0 <= 0 ;  ,  <= 
[exec] setSignal 0,0 <= 0 ;  ,  <= 
[exec] copyMem 14
[exec] freemem
[exec] freemem
[exec] setSignal 0,0 <= 0 ;  ,  <= 
[exec] copyMem 17
[exec] allocMem 21
[exec] allocMem 17
[exec] allocMem 16
[exec] freemem
[exec] fmt %8ld %7ld %2ld.%1ld%% %02ld-%3s-%02ld %02ld:%02ld:%02ld %s_ => -56 1 30.1% 3--48 93:18:58 _
[dos] output
[write] -56 1 30.1% 3--48 93:18:58 _
[exec] setSignal 0,0 <= 0 ;  ,  <= 
[exec] setSignal 0,0 <= 0 ;  ,  <= 
[exec] setSignal 0,0 <= 0 ;  ,  <= 
[exec] setSignal 0,0 <= 0 ;  ,  <= 
[dos] seek 25468,ffffffff => d923
[dos] read ffffffe0 , 62344 , 1e8 => 1e8
[exec] setSignal 0,0 <= 0 ;  ,  <= 
[exec] setSignal 0,0 <= 0 ;  ,  <= 
[exec] copyMem 14
[exec] freemem
[exec] freemem
[exec] setSignal 0,0 <= 0 ;  ,  <= 
[exec] copyMem 17
[exec] allocMem 21
[exec] allocMem 17
[exec] allocMem 16
[exec] freemem
[exec] fmt %8ld %7ld %2ld.%1ld%% %02ld-%3s-%02ld %02ld:%02ld:%02ld %s_ => -62 44 50.6% 3--48 93:18:58 _
[dos] output
[write] -62 44 50.6% 3--48 93:18:58 _
[exec] setSignal 0,0 <= 0 ;  ,  <= 
[exec] setSignal 0,0 <= 0 ;  ,  <= 
[exec] setSignal 0,0 <= 0 ;  ,  <= 
[exec] setSignal 0,0 <= 0 ;  ,  <= 
[dos] seek 264c0,ffffffff => 25650
[dos] read ffffffe0 , 62344 , 1e8 => 1e8
[exec] setSignal 0,0 <= 0 ;  ,  <= 
[exec] setSignal 0,0 <= 0 ;  ,  <= 
[exec] copyMem 14
[exec] freemem
[exec] freemem
[exec] setSignal 0,0 <= 0 ;  ,  <= 
[exec] copyMem c
[exec] allocMem 16
[exec] allocMem 11
[exec] allocMem 11
[exec] freemem
[exec] fmt %8ld %7ld %2ld.%1ld%% %02ld-%3s-%02ld %02ld:%02ld:%02ld %s_ => 104 0 6.0% 3--48 93:10:53 _
[dos] output
[write] 104 0 6.0% 3--48 93:10:53 _
[exec] setSignal 0,0 <= 0 ;  ,  <= 
[exec] setSignal 0,0 <= 0 ;  ,  <= 
[exec] setSignal 0,0 <= 0 ;  ,  <= 
[exec] setSignal 0,0 <= 0 ;  ,  <= 
[dos] seek 43ce1,ffffffff => 266a8
[dos] read ffffffe0 , 62344 , 1e8 => 1
[exec] setSignal 0,0 <= 0 ;  ,  <= 
[dos] close ffffffe0 => 0
[exec] freemem
[exec] freemem
[exec] freemem
[exec] allocMem 110
[dos] lock skid.lha,fffffffe => ffffffdc
[dos] examine(ffffffdc)
[dos] unlock ffffffdc
[exec] setSignal 0,0 <= 0 ;  ,  <= 
[exec] freemem
[exec] fmt -------- ------- ----- --------- --------_%8ld %7ld %2ld.%1ld%% %02ld-%3s-%02ld %02ld:%02ld:%02ld   %ld files__ => -------- ------- ----- --------- --------_-127 -17 24.1% 1--20 80:0:0   0 files__
[dos] output
[write] -------- ------- ----- --------- --------_-127 -17 24.1% 1--20 80:0:0   0 files__
[exec] setSignal 0,0 <= 0 ;  ,  <= 
[exec] fmt Operation successful._ => Operation successful._
[dos] output
[write] Operation successful._
[exec] setSignal 0,0 <= 0 ;  ,  <= 
[dos] currentDir 0
